0 info it worked if it ends with ok
1 verbose cli [ '/usr/bin/nodejs',
1 verbose cli   '/usr/bin/npm',
1 verbose cli   'install',
1 verbose cli   'yuml-diagram',
1 verbose cli   '-g' ]
2 info using npm@1.3.10
3 info using node@v0.10.25
4 verbose cache add [ 'yuml-diagram', null ]
5 verbose cache add name=undefined spec="yuml-diagram" args=["yuml-diagram",null]
6 verbose parsed url { protocol: null,
6 verbose parsed url   slashes: null,
6 verbose parsed url   auth: null,
6 verbose parsed url   host: null,
6 verbose parsed url   port: null,
6 verbose parsed url   hostname: null,
6 verbose parsed url   hash: null,
6 verbose parsed url   search: null,
6 verbose parsed url   query: null,
6 verbose parsed url   pathname: 'yuml-diagram',
6 verbose parsed url   path: 'yuml-diagram',
6 verbose parsed url   href: 'yuml-diagram' }
7 silly lockFile a7ab8db8-yuml-diagram yuml-diagram
8 verbose lock yuml-diagram /home/johnny/.npm/a7ab8db8-yuml-diagram.lock
9 silly lockFile a7ab8db8-yuml-diagram yuml-diagram
10 silly lockFile a7ab8db8-yuml-diagram yuml-diagram
11 verbose addNamed [ 'yuml-diagram', '' ]
12 verbose addNamed [ null, '*' ]
13 silly lockFile ac72f804-yuml-diagram yuml-diagram@
14 verbose lock yuml-diagram@ /home/johnny/.npm/ac72f804-yuml-diagram.lock
15 silly addNameRange { name: 'yuml-diagram', range: '*', hasData: false }
16 verbose url raw yuml-diagram
17 verbose url resolving [ 'https://registry.npmjs.org/', './yuml-diagram' ]
18 verbose url resolved https://registry.npmjs.org/yuml-diagram
19 info trying registry request attempt 1 at 20:20:45
20 http GET https://registry.npmjs.org/yuml-diagram
21 info retry will retry, error on last attempt: Error: CERT_UNTRUSTED
22 info trying registry request attempt 2 at 20:20:56
23 http GET https://registry.npmjs.org/yuml-diagram
24 info retry will retry, error on last attempt: Error: CERT_UNTRUSTED
25 info trying registry request attempt 3 at 20:22:02
26 http GET https://registry.npmjs.org/yuml-diagram
27 silly lockFile ac72f804-yuml-diagram yuml-diagram@
28 silly lockFile ac72f804-yuml-diagram yuml-diagram@
29 error network read ECONNRESET
29 error network This is most likely not a problem with npm itself
29 error network and is related to network connectivity.
29 error network In most cases you are behind a proxy or have bad network settings.
29 error network
29 error network If you are behind a proxy, please make sure that the
29 error network 'proxy' config is set properly.  See: 'npm help config'
30 error System Linux 3.16.0-38-generic
31 error command "/usr/bin/nodejs" "/usr/bin/npm" "install" "yuml-diagram" "-g"
32 error cwd /home/johnny/Workspace/ExemplosJavaScript
33 error node -v v0.10.25
34 error npm -v 1.3.10
35 error syscall read
36 error code ECONNRESET
37 error errno ECONNRESET
38 verbose exit [ 1, true ]
